<?xml version="1.0" encoding="UTF-8"?>
<!-- Generated by org.testng.reporters.JUnitReportReporter -->
<testsuite hostname="DESKTOP-ALBAADN" failures="0" tests="1" name="com.qacart.todo.testCases.TodoTest" time="4.514" errors="0" timestamp="1 May 2023 17:31:09 GMT">
  <testcase classname="com.qacart.todo.testCases.TodoTest" name="shouldBeAbleToDeleteNewTodo" time="4.514"/>
</testsuite> <!-- com.qacart.todo.testCases.TodoTest -->
