<?xml version="1.0" encoding="UTF-8"?>
<!-- Generated by org.testng.reporters.JUnitReportReporter -->
<testsuite hostname="DESKTOP-ALBAADN" failures="0" tests="1" name="com.qacart.todo.testCases.LoginTest" time="5.138" errors="0" timestamp="1 May 2023 17:31:09 GMT">
  <testcase classname="com.qacart.todo.testCases.LoginTest" name="loginWithValidCredentials" time="5.138"/>
</testsuite> <!-- com.qacart.todo.testCases.LoginTest -->
